#
# A fatal error has been detected by the Java Runtime Environment:
#
#  Internal Error (javaClasses.cpp:136), pid=24331, tid=3062471488
#  fatal error: Invalid layout of preloaded class
#
# JRE version:  (7.0_40-b43) (build )
# Java VM: Java HotSpot(TM) Server VM (24.0-b56 mixed mode linux-x86 )
# Failed to write core dump. Core dumps have been disabled. To enable core dumping, try "ulimit -c unlimited" before starting Java again
#
# If you would like to submit a bug report, please visit:
#   http://bugreport.sun.com/bugreport/crash.jsp
#

---------------  T H R E A D  ---------------

Current thread (0xb6707800):  JavaThread "Unknown thread" [_thread_in_vm, id=24336, stack(0xb6849000,0xb689a000)]

Stack: [0xb6849000,0xb689a000],  sp=0xb6898d80,  free space=319k
Native frames: (J=compiled Java code, j=interpreted, Vv=VM code, C=native code)
V  [libjvm.so+0x7dc0e6]  VMError::report_and_die()+0x1a6
V  [libjvm.so+0x33a8ec]  report_fatal(char const*, int, char const*)+0x4c
V  [libjvm.so+0x484dee]  compute_offset(int&, klassOopDesc*, Symbol*, Symbol*, bool)+0x10e
V  [libjvm.so+0x487144]  java_lang_String::compute_offsets()+0x44
V  [libjvm.so+0x76963d]  SystemDictionary::initialize_preloaded_classes(Thread*)+0x22d
V  [libjvm.so+0x7b2070]  Universe::genesis(Thread*)+0x410
V  [libjvm.so+0x7b24df]  universe2_init()+0x1f
V  [libjvm.so+0x44a040]  init_globals()+0xa0
V  [libjvm.so+0x79a510]  Threads::create_vm(JavaVMInitArgs*, bool*)+0x200
V  [libjvm.so+0x4bba3c]  JNI_CreateJavaVM+0x5c
C  [libjli.so+0x2668]  JavaMain+0x98
C  [libpthread.so.0+0x6d4c]  start_thread+0xcc


---------------  P R O C E S S  ---------------

Java Threads: ( => current thread )

Other Threads:

=>0xb6707800 (exited) JavaThread "Unknown thread" [_thread_in_vm, id=24336, stack(0xb6849000,0xb689a000)]

VM state:not at safepoint (not fully initialized)

VM Mutex/Monitor currently owned by a thread: None

GC Heap History (0 events):
No events

Deoptimization events (0 events):
No events

Internal exceptions (0 events):
No events

Events (10 events):
Event: 0.025 loading class 0x7480c670 done
Event: 0.026 loading class 0x7480c100 done
Event: 0.026 loading class 0x7480c0e0
Event: 0.027 loading class 0x74813408
Event: 0.027 loading class 0x74813408 done
Event: 0.027 loading class 0x74813438
Event: 0.027 loading class 0x74813438 done
Event: 0.027 loading class 0x74813468
Event: 0.027 loading class 0x74813468 done
Event: 0.028 loading class 0x7480c0e0 done


Dynamic libraries:
08048000-08049000 r-xp 00000000 08:06 5121403    /usr/java/jdk1.7.0_40/bin/java
08049000-0804a000 rw-p 00000000 08:06 5121403    /usr/java/jdk1.7.0_40/bin/java
092d9000-092fa000 rw-p 00000000 00:00 0          [heap]
71cf5000-71f0e000 rw-p 00000000 00:00 0 
71f0e000-71fd8000 r--s 011ad000 08:06 1719418    /opt/programas/android/adt-bundle-linux-x86-20130917/sdk/platforms/android-18/android.jar
71fd8000-74300000 rw-p 00000000 00:00 0 
74300000-74321000 rw-p 00000000 00:00 0 
74321000-74400000 ---p 00000000 00:00 0 
7447f000-74480000 ---p 00000000 00:00 0 
74480000-74500000 rw-p 00000000 00:00 0          [stack:24340]
74500000-74521000 rw-p 00000000 00:00 0 
74521000-74600000 ---p 00000000 00:00 0 
7465a000-7467f000 rw-p 00000000 00:00 0 
7467f000-74680000 ---p 00000000 00:00 0 
74680000-74700000 rw-p 00000000 00:00 0          [stack:24339]
74700000-74721000 rw-p 00000000 00:00 0 
74721000-74800000 ---p 00000000 00:00 0 
7480c000-7487f000 rw-p 00000000 00:00 0 
7487f000-74880000 ---p 00000000 00:00 0 
74880000-74900000 rw-p 00000000 00:00 0          [stack:24338]
74900000-74921000 rw-p 00000000 00:00 0 
74921000-74a00000 ---p 00000000 00:00 0 
74a12000-74a13000 ---p 00000000 00:00 0 
74a13000-74aa7000 rw-p 00000000 00:00 0          [stack:24337]
74aa7000-74bcb000 rw-p 00000000 00:00 0 
74bcb000-74bd3000 rw-p 00000000 00:00 0 
74bd3000-74beb000 rw-p 00000000 00:00 0 
74beb000-74bff000 rw-p 00000000 00:00 0 
74bff000-74d23000 rw-p 00000000 00:00 0 
74d23000-74d2d000 rw-p 00000000 00:00 0 
74d2d000-74dbf000 rw-p 00000000 00:00 0 
74dbf000-75dc0000 rw-p 00000000 00:00 0 
75dc0000-78dc0000 rw-p 00000000 00:00 0 
78dc0000-7b4c0000 rw-p 00000000 00:00 0 
7b4c0000-9fdc0000 rw-p 00000000 00:00 0 
9fdc0000-a1140000 rw-p 00000000 00:00 0 
a1140000-b35c0000 rw-p 00000000 00:00 0 
b35d5000-b35dd000 rw-p 00000000 00:00 0 
b35dd000-b35f5000 rw-p 00000000 00:00 0 
b35f5000-b35fe000 rw-p 00000000 00:00 0 
b35fe000-b36b5000 rw-p 00000000 00:00 0 
b36b5000-b38f5000 rwxp 00000000 00:00 0 
b38f5000-b66b5000 rw-p 00000000 00:00 0 
b66b5000-b66cc000 r-xp 00000000 08:06 5904678    /usr/java/jdk1.7.0_40/jre/lib/i386/libzip.so
b66cc000-b66cd000 rw-p 00017000 08:06 5904678    /usr/java/jdk1.7.0_40/jre/lib/i386/libzip.so
b66cd000-b66d8000 r-xp 00000000 08:06 5520425    /lib/i386-linux-gnu/libnss_files-2.15.so
b66d8000-b66d9000 r--p 0000a000 08:06 5520425    /lib/i386-linux-gnu/libnss_files-2.15.so
b66d9000-b66da000 rw-p 0000b000 08:06 5520425    /lib/i386-linux-gnu/libnss_files-2.15.so
b66da000-b66e4000 r-xp 00000000 08:06 5520424    /lib/i386-linux-gnu/libnss_nis-2.15.so
b66e4000-b66e5000 r--p 00009000 08:06 5520424    /lib/i386-linux-gnu/libnss_nis-2.15.so
b66e5000-b66e6000 rw-p 0000a000 08:06 5520424    /lib/i386-linux-gnu/libnss_nis-2.15.so
b66e6000-b66fc000 r-xp 00000000 08:06 5520329    /lib/i386-linux-gnu/libnsl-2.15.so
b66fc000-b66fd000 r--p 00015000 08:06 5520329    /lib/i386-linux-gnu/libnsl-2.15.so
b66fd000-b66fe000 rw-p 00016000 08:06 5520329    /lib/i386-linux-gnu/libnsl-2.15.so
b66fe000-b6700000 rw-p 00000000 00:00 0 
b6700000-b675d000 rw-p 00000000 00:00 0 
b675d000-b6800000 ---p 00000000 00:00 0 
b6814000-b681c000 rw-s 00000000 08:06 6428168    /tmp/hsperfdata_alessandro/24331
b681c000-b683f000 r-xp 00000000 08:06 5902665    /usr/java/jdk1.7.0_40/jre/lib/i386/libjava.so
b683f000-b6840000 rw-p 00022000 08:06 5902665    /usr/java/jdk1.7.0_40/jre/lib/i386/libjava.so
b6840000-b6847000 r-xp 00000000 08:06 5520419    /lib/i386-linux-gnu/librt-2.15.so
b6847000-b6848000 r--p 00006000 08:06 5520419    /lib/i386-linux-gnu/librt-2.15.so
b6848000-b6849000 rw-p 00007000 08:06 5520419    /lib/i386-linux-gnu/librt-2.15.so
b6849000-b684c000 ---p 00000000 00:00 0 
b684c000-b689a000 rw-p 00000000 00:00 0          [stack:24336]
b689a000-b68c4000 r-xp 00000000 08:06 5520423    /lib/i386-linux-gnu/libm-2.15.so
b68c4000-b68c5000 r--p 00029000 08:06 5520423    /lib/i386-linux-gnu/libm-2.15.so
b68c5000-b68c6000 rw-p 0002a000 08:06 5520423    /lib/i386-linux-gnu/libm-2.15.so
b68c6000-b713d000 r-xp 00000000 08:06 5904677    /usr/java/jdk1.7.0_40/jre/lib/i386/server/libjvm.so
b713d000-b71a1000 rw-p 00877000 08:06 5904677    /usr/java/jdk1.7.0_40/jre/lib/i386/server/libjvm.so
b71a1000-b75c5000 rw-p 00000000 00:00 0 
b75c5000-b7769000 r-xp 00000000 08:06 5520435    /lib/i386-linux-gnu/libc-2.15.so
b7769000-b776b000 r--p 001a4000 08:06 5520435    /lib/i386-linux-gnu/libc-2.15.so
b776b000-b776c000 rw-p 001a6000 08:06 5520435    /lib/i386-linux-gnu/libc-2.15.so
b776c000-b776f000 rw-p 00000000 00:00 0 
b776f000-b7772000 r-xp 00000000 08:06 5520427    /lib/i386-linux-gnu/libdl-2.15.so
b7772000-b7773000 r--p 00002000 08:06 5520427    /lib/i386-linux-gnu/libdl-2.15.so
b7773000-b7774000 rw-p 00003000 08:06 5520427    /lib/i386-linux-gnu/libdl-2.15.so
b7774000-b7787000 r-xp 00000000 08:06 5902669    /usr/java/jdk1.7.0_40/jre/lib/i386/jli/libjli.so
b7787000-b7788000 rw-p 00012000 08:06 5902669    /usr/java/jdk1.7.0_40/jre/lib/i386/jli/libjli.so
b7788000-b7789000 rw-p 00000000 00:00 0 
b7789000-b77a0000 r-xp 00000000 08:06 5520417    /lib/i386-linux-gnu/libpthread-2.15.so
b77a0000-b77a1000 r--p 00016000 08:06 5520417    /lib/i386-linux-gnu/libpthread-2.15.so
b77a1000-b77a2000 rw-p 00017000 08:06 5520417    /lib/i386-linux-gnu/libpthread-2.15.so
b77a2000-b77a4000 rw-p 00000000 00:00 0 
b77a5000-b77a8000 rw-p 00000000 00:00 0 
b77a8000-b77af000 r-xp 00000000 08:06 5520426    /lib/i386-linux-gnu/libnss_compat-2.15.so
b77af000-b77b0000 r--p 00006000 08:06 5520426    /lib/i386-linux-gnu/libnss_compat-2.15.so
b77b0000-b77b1000 rw-p 00007000 08:06 5520426    /lib/i386-linux-gnu/libnss_compat-2.15.so
b77b1000-b77b2000 rw-p 00000000 00:00 0 
b77b2000-b77b3000 r--p 00000000 00:00 0 
b77b3000-b77be000 r-xp 00000000 08:06 5900004    /usr/java/jdk1.7.0_40/jre/lib/i386/libverify.so
b77be000-b77bf000 rw-p 0000b000 08:06 5900004    /usr/java/jdk1.7.0_40/jre/lib/i386/libverify.so
b77bf000-b77c1000 rw-p 00000000 00:00 0 
b77c1000-b77c2000 r-xp 00000000 00:00 0          [vdso]
b77c2000-b77e2000 r-xp 00000000 08:06 5520418    /lib/i386-linux-gnu/ld-2.15.so
b77e2000-b77e3000 r--p 0001f000 08:06 5520418    /lib/i386-linux-gnu/ld-2.15.so
b77e3000-b77e4000 rw-p 00020000 08:06 5520418    /lib/i386-linux-gnu/ld-2.15.so
bfcf2000-bfd13000 rw-p 00000000 00:00 0          [stack]

VM Arguments:
jvm_args: -Dfile.encoding=UTF-8 -Xbootclasspath:/opt/programas/android/adt-bundle-linux-x86-20130917/sdk/platforms/android-18/android.jar 
java_command: com.kyxadious.perdidoemquixada.model.TipoDoLugar
Launcher Type: SUN_STANDARD

Environment Variables:
JAVA_HOME=/usr/java/jdk1.7.0_40
PATH=:/usr/java/jdk1.7.0_40/bin:/usr/lib/lightdm/lightdm:/usr/local/sbin:/usr/local/bin:/usr/sbin:/usr/bin:/sbin:/bin:/usr/games
LD_LIBRARY_PATH=/usr/java/jdk1.7.0_40/jre/lib/i386/server:/usr/java/jdk1.7.0_40/jre/lib/i386:/usr/java/jdk1.7.0_40/jre/../lib/i386:/usr/java/jdk1.7.0_40/jre/lib/i386/client:/usr/java/jdk1.7.0_40/jre/lib/i386:
SHELL=/bin/bash
DISPLAY=:0.0

Signal Handlers:
SIGSEGV: [libjvm.so+0x7dcc00], sa_mask[0]=0x7ffbfeff, sa_flags=0x10000004
SIGBUS: [libjvm.so+0x7dcc00], sa_mask[0]=0x7ffbfeff, sa_flags=0x10000004
SIGFPE: [libjvm.so+0x678400], sa_mask[0]=0x7ffbfeff, sa_flags=0x10000004
SIGPIPE: [libjvm.so+0x678400], sa_mask[0]=0x7ffbfeff, sa_flags=0x10000004
SIGXFSZ: [libjvm.so+0x678400], sa_mask[0]=0x7ffbfeff, sa_flags=0x10000004
SIGILL: [libjvm.so+0x678400], sa_mask[0]=0x7ffbfeff, sa_flags=0x10000004
SIGUSR1: SIG_DFL, sa_mask[0]=0x00000000, sa_flags=0x00000000
SIGUSR2: [libjvm.so+0x6798f0], sa_mask[0]=0x00000004, sa_flags=0x10000004
SIGHUP: SIG_DFL, sa_mask[0]=0x00000000, sa_flags=0x00000000
SIGINT: SIG_DFL, sa_mask[0]=0x00000000, sa_flags=0x00000000
SIGTERM: SIG_DFL, sa_mask[0]=0x00000000, sa_flags=0x00000000
SIGQUIT: SIG_DFL, sa_mask[0]=0x00000000, sa_flags=0x00000000


---------------  S Y S T E M  ---------------

OS:wheezy/sid

uname:Linux 3.8.0-29-generic #42~precise1-Ubuntu SMP Wed Aug 14 15:31:16 UTC 2013 i686
libc:glibc 2.15 NPTL 2.15 
rlimit: STACK 8192k, CORE 0k, NPROC 29731, NOFILE 4096, AS infinity
load average:4.27 2.90 2.26

/proc/meminfo:
MemTotal:        3828356 kB
MemFree:          257512 kB
Buffers:          148080 kB
Cached:          1708480 kB
SwapCached:            8 kB
Active:          2173032 kB
Inactive:        1174292 kB
Active(anon):    1349760 kB
Inactive(anon):   536608 kB
Active(file):     823272 kB
Inactive(file):   637684 kB
Unevictable:           0 kB
Mlocked:               0 kB
HighTotal:       2975680 kB
HighFree:          37004 kB
LowTotal:         852676 kB
LowFree:          220508 kB
SwapTotal:       2961724 kB
SwapFree:        2960444 kB
Dirty:             10216 kB
Writeback:             0 kB
AnonPages:       1490924 kB
Mapped:           213868 kB
Shmem:            395408 kB
Slab:             166540 kB
SReclaimable:      95512 kB
SUnreclaim:        71028 kB
KernelStack:        4528 kB
PageTables:        12936 kB
NFS_Unstable:          0 kB
Bounce:                0 kB
WritebackTmp:          0 kB
CommitLimit:     4875900 kB
Committed_AS:    4907524 kB
VmallocTotal:     122880 kB
VmallocUsed:       21572 kB
VmallocChunk:     100888 kB
HardwareCorrupted:     0 kB
AnonHugePages:         0 kB
HugePages_Total:       0
HugePages_Free:        0
HugePages_Rsvd:        0
HugePages_Surp:        0
Hugepagesize:       2048 kB
DirectMap4k:       10232 kB
DirectMap2M:      903168 kB


CPU:total 4 (2 cores per cpu, 2 threads per core) family 6 model 42 stepping 7, cmov, cx8, fxsr, mmx, sse, sse2, sse3, ssse3, sse4.1, sse4.2, popcnt, avx, ht, tsc, tscinvbit

/proc/cpuinfo:
processor	: 0
vendor_id	: GenuineIntel
cpu family	: 6
model		: 42
model name	: Intel(R) Core(TM) i5-2537M CPU @ 1.40GHz
stepping	: 7
microcode	: 0x28
cpu MHz		: 800.000
cache size	: 3072 KB
physical id	: 0
siblings	: 4
core id		: 0
cpu cores	: 2
apicid		: 0
initial apicid	: 0
fdiv_bug	: no
hlt_bug		: no
f00f_bug	: no
coma_bug	: no
fpu		: yes
fpu_exception	: yes
cpuid level	: 13
wp		: yes
flags		: fpu vme de pse tsc msr pae mce cx8 apic sep mtrr pge mca cmov pat pse36 clflush dts acpi mmx fxsr sse sse2 ss ht tm pbe nx rdtscp lm constant_tsc arch_perfmon pebs bts xtopology nonstop_tsc aperfmperf eagerfpu pni pclmulqdq dtes64 monitor ds_cpl vmx smx est tm2 ssse3 cx16 xtpr pdcm pcid sse4_1 sse4_2 x2apic popcnt tsc_deadline_timer xsave avx lahf_lm ida arat epb xsaveopt pln pts dtherm tpr_shadow vnmi flexpriority ept vpid
bogomips	: 2793.57
clflush size	: 64
cache_alignment	: 64
address sizes	: 36 bits physical, 48 bits virtual
power management:

processor	: 1
vendor_id	: GenuineIntel
cpu family	: 6
model		: 42
model name	: Intel(R) Core(TM) i5-2537M CPU @ 1.40GHz
stepping	: 7
microcode	: 0x28
cpu MHz		: 800.000
cache size	: 3072 KB
physical id	: 0
siblings	: 4
core id		: 0
cpu cores	: 2
apicid		: 1
initial apicid	: 1
fdiv_bug	: no
hlt_bug		: no
f00f_bug	: no
coma_bug	: no
fpu		: yes
fpu_exception	: yes
cpuid level	: 13
wp		: yes
flags		: fpu vme de pse tsc msr pae mce cx8 apic sep mtrr pge mca cmov pat pse36 clflush dts acpi mmx fxsr sse sse2 ss ht tm pbe nx rdtscp lm constant_tsc arch_perfmon pebs bts xtopology nonstop_tsc aperfmperf eagerfpu pni pclmulqdq dtes64 monitor ds_cpl vmx smx est tm2 ssse3 cx16 xtpr pdcm pcid sse4_1 sse4_2 x2apic popcnt tsc_deadline_timer xsave avx lahf_lm ida arat epb xsaveopt pln pts dtherm tpr_shadow vnmi flexpriority ept vpid
bogomips	: 2793.57
clflush size	: 64
cache_alignment	: 64
address sizes	: 36 bits physical, 48 bits virtual
power management:

processor	: 2
vendor_id	: GenuineIntel
cpu family	: 6
model		: 42
model name	: Intel(R) Core(TM) i5-2537M CPU @ 1.40GHz
stepping	: 7
microcode	: 0x28
cpu MHz		: 800.000
cache size	: 3072 KB
physical id	: 0
siblings	: 4
core id		: 1
cpu cores	: 2
apicid		: 2
initial apicid	: 2
fdiv_bug	: no
hlt_bug		: no
f00f_bug	: no
coma_bug	: no
fpu		: yes
fpu_exception	: yes
cpuid level	: 13
wp		: yes
flags		: fpu vme de pse tsc msr pae mce cx8 apic sep mtrr pge mca cmov pat pse36 clflush dts acpi mmx fxsr sse sse2 ss ht tm pbe nx rdtscp lm constant_tsc arch_perfmon pebs bts xtopology nonstop_tsc aperfmperf eagerfpu pni pclmulqdq dtes64 monitor ds_cpl vmx smx est tm2 ssse3 cx16 xtpr pdcm pcid sse4_1 sse4_2 x2apic popcnt tsc_deadline_timer xsave avx lahf_lm ida arat epb xsaveopt pln pts dtherm tpr_shadow vnmi flexpriority ept vpid
bogomips	: 2793.57
clflush size	: 64
cache_alignment	: 64
address sizes	: 36 bits physical, 48 bits virtual
power management:

processor	: 3
vendor_id	: GenuineIntel
cpu family	: 6
model		: 42
model name	: Intel(R) Core(TM) i5-2537M CPU @ 1.40GHz
stepping	: 7
microcode	: 0x28
cpu MHz		: 800.000
cache size	: 3072 KB
physical id	: 0
siblings	: 4
core id		: 1
cpu cores	: 2
apicid		: 3
initial apicid	: 3
fdiv_bug	: no
hlt_bug		: no
f00f_bug	: no
coma_bug	: no
fpu		: yes
fpu_exception	: yes
cpuid level	: 13
wp		: yes
flags		: fpu vme de pse tsc msr pae mce cx8 apic sep mtrr pge mca cmov pat pse36 clflush dts acpi mmx fxsr sse sse2 ss ht tm pbe nx rdtscp lm constant_tsc arch_perfmon pebs bts xtopology nonstop_tsc aperfmperf eagerfpu pni pclmulqdq dtes64 monitor ds_cpl vmx smx est tm2 ssse3 cx16 xtpr pdcm pcid sse4_1 sse4_2 x2apic popcnt tsc_deadline_timer xsave avx lahf_lm ida arat epb xsaveopt pln pts dtherm tpr_shadow vnmi flexpriority ept vpid
bogomips	: 2793.57
clflush size	: 64
cache_alignment	: 64
address sizes	: 36 bits physical, 48 bits virtual
power management:



Memory: 4k page, physical 3828356k(257512k free), swap 2961724k(2960444k free)

vm_info: Java HotSpot(TM) Server VM (24.0-b56) for linux-x86 JRE (1.7.0_40-b43), built on Aug 26 2013 22:01:21 by "java_re" with gcc 4.3.0 20080428 (Red Hat 4.3.0-8)

time: Thu Jan 30 15:00:45 2014
elapsed time: 0 seconds

